<?xml version="1.0" encoding="UTF-8"?>
<!-- Generated by org.testng.reporters.JUnitReportReporter -->
<testsuite hostname="QT-INBG-LT0303" failures="0" tests="8" name="sample.homepage" time="40.113" errors="0" timestamp="2022-09-19T09:52:04 IST" skipped="0">
  <testcase classname="sample.homepage" name="homepage8" time="5.066"/>
  <system-out/>
  <testcase classname="sample.homepage" name="homepage2" time="4.836"/>
  <system-out/>
  <testcase classname="sample.homepage" name="homepage6" time="5.213"/>
  <system-out/>
  <testcase classname="sample.homepage" name="homepage4" time="5.201"/>
  <system-out/>
  <testcase classname="sample.homepage" name="homepage7" time="5.006"/>
  <system-out/>
  <testcase classname="sample.homepage" name="homepage5" time="5.074"/>
  <system-out/>
  <testcase classname="sample.homepage" name="homepage3" time="5.054"/>
  <system-out/>
  <testcase classname="sample.homepage" name="homepage1" time="4.663"/>
  <system-out/>
</testsuite> <!-- sample.homepage -->
