<?xml version="1.0" encoding="UTF-8"?>
<!-- Generated by org.testng.reporters.JUnitReportReporter -->
<testsuite hostname="QT-INBG-LT0303" failures="0" tests="1" name="sample.signup" time="16.653" errors="0" timestamp="2022-09-16T09:58:47 IST" skipped="0">
  <testcase classname="sample.signup" name="register" time="16.653"/>
  <system-out/>
</testsuite> <!-- sample.signup -->
