<?xml version="1.0" encoding="UTF-8"?>
<!-- Generated by org.testng.reporters.JUnitReportReporter -->
<testsuite hostname="QT-INBG-LT0303" failures="0" tests="14" name="automation.automation" time="76.439" errors="0" timestamp="2022-09-16T16:20:52 IST" skipped="0">
  <testcase classname="automation.automation" name="testdata" time="5.572"/>
  <system-out/>
  <testcase classname="automation.automation" name="testdata" time="6.037"/>
  <system-out/>
  <testcase classname="automation.automation" name="testdata" time="5.939"/>
  <system-out/>
  <testcase classname="automation.automation" name="testdata" time="5.230"/>
  <system-out/>
  <testcase classname="automation.automation" name="testdata" time="4.787"/>
  <system-out/>
  <testcase classname="automation.automation" name="testdata" time="10.364"/>
  <system-out/>
  <testcase classname="automation.automation" name="testdata" time="4.727"/>
  <system-out/>
  <testcase classname="automation.automation" name="testdata" time="4.599"/>
  <system-out/>
  <testcase classname="automation.automation" name="testdata" time="4.682"/>
  <system-out/>
  <testcase classname="automation.automation" name="testdata" time="4.598"/>
  <system-out/>
  <testcase classname="automation.automation" name="testdata" time="4.894"/>
  <system-out/>
  <testcase classname="automation.automation" name="testdata" time="4.532"/>
  <system-out/>
  <testcase classname="automation.automation" name="testdata" time="4.767"/>
  <system-out/>
  <testcase classname="automation.automation" name="testdata" time="5.711"/>
  <system-out/>
</testsuite> <!-- automation.automation -->
