<?xml version="1.0" encoding="UTF-8"?>
<!-- Generated by org.testng.reporters.JUnitReportReporter -->
<testsuite hostname="QT-INBG-LT0303" failures="0" tests="5" name="sample.signin" time="34.778" errors="0" timestamp="2022-09-19T09:52:04 IST" skipped="0">
  <testcase classname="sample.signin" name="signin3" time="5.557"/>
  <system-out/>
  <testcase classname="sample.signin" name="signin2" time="5.731"/>
  <system-out/>
  <testcase classname="sample.signin" name="signin4" time="5.617"/>
  <system-out/>
  <testcase classname="sample.signin" name="signin5" time="6.141"/>
  <system-out/>
  <testcase classname="sample.signin" name="signin" time="11.732"/>
  <system-out/>
</testsuite> <!-- sample.signin -->
